  13_백트래킹.c
c:\users\rhsnf\문서\visual studio 2015\projects\baekjoon\백준\백준\13_백트래킹.c(62): warning C4996: 'scanf': This function or variable may be unsafe. Consider using scanf_s instead. To disable deprecation, use _CRT_SECURE_NO_WARNINGS. See online help for details.
  c:\program files (x86)\windows kits\10\include\10.0.10240.0\ucrt\stdio.h(1270): note: 'scanf' 선언을 참조하십시오.
c:\users\rhsnf\문서\visual studio 2015\projects\baekjoon\백준\백준\13_백트래킹.c(64): warning C4996: 'scanf': This function or variable may be unsafe. Consider using scanf_s instead. To disable deprecation, use _CRT_SECURE_NO_WARNINGS. See online help for details.
  c:\program files (x86)\windows kits\10\include\10.0.10240.0\ucrt\stdio.h(1270): note: 'scanf' 선언을 참조하십시오.
c:\users\rhsnf\문서\visual studio 2015\projects\baekjoon\백준\백준\13_백트래킹.c(131): warning C4996: 'scanf': This function or variable may be unsafe. Consider using scanf_s instead. To disable deprecation, use _CRT_SECURE_NO_WARNINGS. See online help for details.
  c:\program files (x86)\windows kits\10\include\10.0.10240.0\ucrt\stdio.h(1270): note: 'scanf' 선언을 참조하십시오.
c:\users\rhsnf\문서\visual studio 2015\projects\baekjoon\백준\백준\13_백트래킹.c(134): warning C4996: 'scanf': This function or variable may be unsafe. Consider using scanf_s instead. To disable deprecation, use _CRT_SECURE_NO_WARNINGS. See online help for details.
  c:\program files (x86)\windows kits\10\include\10.0.10240.0\ucrt\stdio.h(1270): note: 'scanf' 선언을 참조하십시오.
c:\users\rhsnf\문서\visual studio 2015\projects\baekjoon\백준\백준\13_백트래킹.c(200): warning C4996: 'scanf': This function or variable may be unsafe. Consider using scanf_s instead. To disable deprecation, use _CRT_SECURE_NO_WARNINGS. See online help for details.
  c:\program files (x86)\windows kits\10\include\10.0.10240.0\ucrt\stdio.h(1270): note: 'scanf' 선언을 참조하십시오.
c:\users\rhsnf\문서\visual studio 2015\projects\baekjoon\백준\백준\13_백트래킹.c(203): warning C4996: 'scanf': This function or variable may be unsafe. Consider using scanf_s instead. To disable deprecation, use _CRT_SECURE_NO_WARNINGS. See online help for details.
  c:\program files (x86)\windows kits\10\include\10.0.10240.0\ucrt\stdio.h(1270): note: 'scanf' 선언을 참조하십시오.
c:\users\rhsnf\문서\visual studio 2015\projects\baekjoon\백준\백준\13_백트래킹.c(267): warning C4996: 'scanf': This function or variable may be unsafe. Consider using scanf_s instead. To disable deprecation, use _CRT_SECURE_NO_WARNINGS. See online help for details.
  c:\program files (x86)\windows kits\10\include\10.0.10240.0\ucrt\stdio.h(1270): note: 'scanf' 선언을 참조하십시오.
c:\users\rhsnf\문서\visual studio 2015\projects\baekjoon\백준\백준\13_백트래킹.c(270): warning C4996: 'scanf': This function or variable may be unsafe. Consider using scanf_s instead. To disable deprecation, use _CRT_SECURE_NO_WARNINGS. See online help for details.
  c:\program files (x86)\windows kits\10\include\10.0.10240.0\ucrt\stdio.h(1270): note: 'scanf' 선언을 참조하십시오.
c:\users\rhsnf\문서\visual studio 2015\projects\baekjoon\백준\백준\13_백트래킹.c(333): warning C4996: 'scanf': This function or variable may be unsafe. Consider using scanf_s instead. To disable deprecation, use _CRT_SECURE_NO_WARNINGS. See online help for details.
  c:\program files (x86)\windows kits\10\include\10.0.10240.0\ucrt\stdio.h(1270): note: 'scanf' 선언을 참조하십시오.
c:\users\rhsnf\문서\visual studio 2015\projects\baekjoon\백준\백준\13_백트래킹.c(336): warning C4996: 'scanf': This function or variable may be unsafe. Consider using scanf_s instead. To disable deprecation, use _CRT_SECURE_NO_WARNINGS. See online help for details.
  c:\program files (x86)\windows kits\10\include\10.0.10240.0\ucrt\stdio.h(1270): note: 'scanf' 선언을 참조하십시오.
c:\users\rhsnf\문서\visual studio 2015\projects\baekjoon\백준\백준\13_백트래킹.c(370): warning C4996: 'scanf': This function or variable may be unsafe. Consider using scanf_s instead. To disable deprecation, use _CRT_SECURE_NO_WARNINGS. See online help for details.
  c:\program files (x86)\windows kits\10\include\10.0.10240.0\ucrt\stdio.h(1270): note: 'scanf' 선언을 참조하십시오.
c:\users\rhsnf\문서\visual studio 2015\projects\baekjoon\백준\백준\13_백트래킹.c(402): warning C4996: 'scanf': This function or variable may be unsafe. Consider using scanf_s instead. To disable deprecation, use _CRT_SECURE_NO_WARNINGS. See online help for details.
  c:\program files (x86)\windows kits\10\include\10.0.10240.0\ucrt\stdio.h(1270): note: 'scanf' 선언을 참조하십시오.
c:\users\rhsnf\문서\visual studio 2015\projects\baekjoon\백준\백준\13_백트래킹.c(410): warning C4101: 'j' :참조되지 않은 지역 변수입니다.
c:\users\rhsnf\문서\visual studio 2015\projects\baekjoon\백준\백준\13_백트래킹.c(447): warning C4996: 'scanf': This function or variable may be unsafe. Consider using scanf_s instead. To disable deprecation, use _CRT_SECURE_NO_WARNINGS. See online help for details.
  c:\program files (x86)\windows kits\10\include\10.0.10240.0\ucrt\stdio.h(1270): note: 'scanf' 선언을 참조하십시오.
c:\users\rhsnf\문서\visual studio 2015\projects\baekjoon\백준\백준\13_백트래킹.c(454): warning C4101: 'j' :참조되지 않은 지역 변수입니다.
c:\users\rhsnf\문서\visual studio 2015\projects\baekjoon\백준\백준\13_백트래킹.c(484): warning C4996: 'scanf': This function or variable may be unsafe. Consider using scanf_s instead. To disable deprecation, use _CRT_SECURE_NO_WARNINGS. See online help for details.
  c:\program files (x86)\windows kits\10\include\10.0.10240.0\ucrt\stdio.h(1270): note: 'scanf' 선언을 참조하십시오.
c:\users\rhsnf\문서\visual studio 2015\projects\baekjoon\백준\백준\13_백트래킹.c(28): warning C4716: 'Problem15663_Bakctracking': 값을 반환해야 합니다.
c:\users\rhsnf\문서\visual studio 2015\projects\baekjoon\백준\백준\13_백트래킹.c(53): warning C4716: 'Problem15663_Sort': 값을 반환해야 합니다.
c:\users\rhsnf\문서\visual studio 2015\projects\baekjoon\백준\백준\13_백트래킹.c(72): warning C4716: 'Problem15663': 값을 반환해야 합니다.
c:\users\rhsnf\문서\visual studio 2015\projects\baekjoon\백준\백준\13_백트래킹.c(92): warning C4716: 'Problem15657_Backtracking': 값을 반환해야 합니다.
c:\users\rhsnf\문서\visual studio 2015\projects\baekjoon\백준\백준\13_백트래킹.c(124): warning C4716: 'Problem15657_Merge': 값을 반환해야 합니다.
c:\users\rhsnf\문서\visual studio 2015\projects\baekjoon\백준\백준\13_백트래킹.c(141): warning C4716: 'Problem15657': 값을 반환해야 합니다.
c:\users\rhsnf\문서\visual studio 2015\projects\baekjoon\백준\백준\13_백트래킹.c(113): warning C4716: 'Problem15657_Sort': 값을 반환해야 합니다.
c:\users\rhsnf\문서\visual studio 2015\projects\baekjoon\백준\백준\13_백트래킹.c(161): warning C4716: 'Problem15656_Backtracking': 값을 반환해야 합니다.
c:\users\rhsnf\문서\visual studio 2015\projects\baekjoon\백준\백준\13_백트래킹.c(182): warning C4716: 'Problem15656_Sort': 값을 반환해야 합니다.
c:\users\rhsnf\문서\visual studio 2015\projects\baekjoon\백준\백준\13_백트래킹.c(193): warning C4716: 'Problem15656_Merge': 값을 반환해야 합니다.
c:\users\rhsnf\문서\visual studio 2015\projects\baekjoon\백준\백준\13_백트래킹.c(210): warning C4716: 'Problem15656': 값을 반환해야 합니다.
c:\users\rhsnf\문서\visual studio 2015\projects\baekjoon\백준\백준\13_백트래킹.c(235): warning C4716: 'Problem15655_backtracking': 값을 반환해야 합니다.
c:\users\rhsnf\문서\visual studio 2015\projects\baekjoon\백준\백준\13_백트래킹.c(260): warning C4716: 'Problem15655_sort': 값을 반환해야 합니다.
c:\users\rhsnf\문서\visual studio 2015\projects\baekjoon\백준\백준\13_백트래킹.c(276): warning C4716: 'Problem15655': 값을 반환해야 합니다.
c:\users\rhsnf\문서\visual studio 2015\projects\baekjoon\백준\백준\13_백트래킹.c(301): warning C4716: 'Problem15654_backtracking': 값을 반환해야 합니다.
c:\users\rhsnf\문서\visual studio 2015\projects\baekjoon\백준\백준\13_백트래킹.c(326): warning C4716: 'Problem15654_sort': 값을 반환해야 합니다.
c:\users\rhsnf\문서\visual studio 2015\projects\baekjoon\백준\백준\13_백트래킹.c(373): warning C4716: 'backtracking_Problem4': 값을 반환해야 합니다.
c:\users\rhsnf\문서\visual studio 2015\projects\baekjoon\백준\백준\13_백트래킹.c(342): warning C4716: 'Problem15654': 값을 반환해야 합니다.
c:\users\rhsnf\문서\visual studio 2015\projects\baekjoon\백준\백준\13_백트래킹.c(405): warning C4716: 'backtracking_Problem3': 값을 반환해야 합니다.
c:\users\rhsnf\문서\visual studio 2015\projects\baekjoon\백준\백준\13_백트래킹.c(450): warning C4716: 'backtracking_Problem2': 값을 반환해야 합니다.
c:\users\rhsnf\문서\visual studio 2015\projects\baekjoon\백준\백준\13_백트래킹.c(488): warning C4716: 'backtracking_Problem1': 값을 반환해야 합니다.
  백준.vcxproj -> C:\Users\rhsnf\문서\Visual Studio 2015\Projects\baekjoon\백준\Debug\백준.exe
  백준.vcxproj -> C:\Users\rhsnf\문서\Visual Studio 2015\Projects\baekjoon\백준\Debug\백준.pdb (Full PDB)
